{
  "RSpec": {
    "coverage": {
      "/Users/laszlobogacsi/Desktop/MakersAcademy/bookmark_manager/day1/bookmark-manager/app/app.rb": [
        1,
        1,
        1,
        1,
        null,
        null,
        null,
        1,
        1,
        null,
        null,
        null,
        1,
        null,
        3,
        3,
        null,
        null,
        1,
        2,
        null,
        null,
        1,
        2,
        2,
        2,
        null,
        2,
        2,
        2,
        2,
        2,
        2,
        null,
        null,
        null,
        1,
        null
      ],
      "/Users/laszlobogacsi/Desktop/MakersAcademy/bookmark_manager/day1/bookmark-manager/app/models/data_mapper_setup.rb": [
        1,
        1,
        null,
        1,
        1,
        1,
        null,
        1,
        1,
        1
      ],
      "/Users/laszlobogacsi/Desktop/MakersAcademy/bookmark_manager/day1/bookmark-manager/app/models/tag.rb": [
        1,
        1,
        1,
        null,
        1,
        1,
        null,
        1,
        1,
        null,
        null,
        null
      ],
      "/Users/laszlobogacsi/Desktop/MakersAcademy/bookmark_manager/day1/bookmark-manager/app/models/tagging.rb": [
        1,
        1,
        null,
        1,
        null,
        1,
        1,
        null,
        null
      ],
      "/Users/laszlobogacsi/Desktop/MakersAcademy/bookmark_manager/day1/bookmark-manager/spec/features/link_spec.rb": [
        null,
        1,
        null,
        1,
        1,
        1,
        1,
        1,
        null,
        null
      ]
    },
    "timestamp": 1476808180
  }
}
